<html>
<head>
<title>TestNG:  Product</title>
<link href="../testng.css" rel="stylesheet" type="text/css" />
<link href="../my-testng.css" rel="stylesheet" type="text/css" />

<style type="text/css">
.log { display: none;} 
.stack-trace { display: none;} 
</style>
<script type="text/javascript">
<!--
function flip(e) {
  current = e.style.display;
  if (current == 'block') {
    e.style.display = 'none';
    return 0;
  }
  else {
    e.style.display = 'block';
    return 1;
  }
}

function toggleBox(szDivId, elem, msg1, msg2)
{
  var res = -1;  if (document.getElementById) {
    res = flip(document.getElementById(szDivId));
  }
  else if (document.all) {
    // this is the way old msie versions work
    res = flip(document.all[szDivId]);
  }
  if(elem) {
    if(res == 0) elem.innerHTML = msg1; else elem.innerHTML = msg2;
  }

}

function toggleAllBoxes() {
  if (document.getElementsByTagName) {
    d = document.getElementsByTagName('div');
    for (i = 0; i < d.length; i++) {
      if (d[i].className == 'log') {
        flip(d[i]);
      }
    }
  }
}

// -->
</script>

</head>
<body>
<h2 align='center'>Product</h2><table border='1' align="center">
<tr>
<td>Tests passed/Failed/Skipped:</td><td>0/1/3</td>
</tr><tr>
<td>Started on:</td><td>Sun Nov 01 15:52:51 IST 2020</td>
</tr>
<tr><td>Total time:</td><td>152 seconds (152405 ms)</td>
</tr><tr>
<td>Included groups:</td><td></td>
</tr><tr>
<td>Excluded groups:</td><td></td>
</tr>
</table><p/>
<small><i>(Hover the method name to see the test class name)</i></small><p/>
<table width='100%' border='1' class='invocation-failed'>
<tr><td colspan='4' align='center'><b>FAILED CONFIGURATIONS</b></td></tr>
<tr><td><b>Test method</b></td>
<td width="30%"><b>Exception</b></td>
<td width="10%"><b>Time (seconds)</b></td>
<td><b>Instance</b></td>
</tr>
<tr>
<td title='com.crm.qa.testcases.DealsTestCase.afterMethod()'><b>afterMethod</b><br>Test class: com.crm.qa.testcases.DealsTestCase<br>Parameters: [TestResult name=addDeals status=SKIP method=DealsTestCase.addDeals(java.util.Hashtable)[pri:0, instance:com.crm.qa.testcases.DealsTestCase@7692d9cc] output=Test Case addDeals started]<br/>
<a href="#Output-1420623741" onClick='toggleBox("Output-1420623741", this, "Show output", "Hide output");'>Show output</a>

<a href="#Output-1420623741" onClick="toggleAllBoxes();">Show all outputs</a>
<div class='log' id="Output-1420623741">
Testcase addDeals is Skipped<br/>
</div>
</td>
<td><div><pre>java.lang.NullPointerException
	at com.crm.qa.base.BaseClass.afterMethod(BaseClass.java:403)
	at java.util.ArrayList.forEach(ArrayList.java:1249)
... Removed 32 stack frames</pre></div><a href='#' onClick='toggleBox("stack-trace1420623741", this, "Click to show all stack frames", "Click to hide stack frames")'>Click to show all stack frames</a>
<div class='stack-trace' id='stack-trace1420623741'><pre>java.lang.NullPointerException
	at com.crm.qa.base.BaseClass.afterMethod(BaseClass.java:403)
	at sun.reflect.NativeMethodAccessorImpl.invoke0(Native Method)
	at sun.reflect.NativeMethodAccessorImpl.invoke(NativeMethodAccessorImpl.java:62)
	at sun.reflect.DelegatingMethodAccessorImpl.invoke(DelegatingMethodAccessorImpl.java:43)
	at java.lang.reflect.Method.invoke(Method.java:498)
	at org.testng.internal.MethodInvocationHelper.invokeMethod(MethodInvocationHelper.java:132)
	at org.testng.internal.MethodInvocationHelper.invokeMethodConsideringTimeout(MethodInvocationHelper.java:61)
	at org.testng.internal.ConfigInvoker.invokeConfigurationMethod(ConfigInvoker.java:366)
	at org.testng.internal.ConfigInvoker.invokeConfigurations(ConfigInvoker.java:320)
	at org.testng.internal.TestInvoker.runConfigMethods(TestInvoker.java:701)
	at org.testng.internal.TestInvoker.runAfterGroupsConfigurations(TestInvoker.java:677)
	at org.testng.internal.TestInvoker.invokeMethod(TestInvoker.java:661)
	at org.testng.internal.TestInvoker.invokeTestMethod(TestInvoker.java:174)
	at org.testng.internal.MethodRunner.runInSequence(MethodRunner.java:46)
	at org.testng.internal.TestInvoker$MethodInvocationAgent.invoke(TestInvoker.java:822)
	at org.testng.internal.TestInvoker.invokeTestMethods(TestInvoker.java:147)
	at org.testng.internal.TestMethodWorker.invokeTestMethods(TestMethodWorker.java:146)
	at org.testng.internal.TestMethodWorker.run(TestMethodWorker.java:128)
	at java.util.ArrayList.forEach(ArrayList.java:1249)
	at org.testng.TestRunner.privateRun(TestRunner.java:764)
	at org.testng.TestRunner.run(TestRunner.java:585)
	at org.testng.SuiteRunner.runTest(SuiteRunner.java:384)
	at org.testng.SuiteRunner.runSequentially(SuiteRunner.java:378)
	at org.testng.SuiteRunner.privateRun(SuiteRunner.java:337)
	at org.testng.SuiteRunner.run(SuiteRunner.java:286)
	at org.testng.SuiteRunnerWorker.runSuite(SuiteRunnerWorker.java:53)
	at org.testng.SuiteRunnerWorker.run(SuiteRunnerWorker.java:96)
	at org.testng.TestNG.runSuitesSequentially(TestNG.java:1218)
	at org.testng.TestNG.runSuitesLocally(TestNG.java:1140)
	at org.testng.TestNG.runSuites(TestNG.java:1069)
	at org.testng.TestNG.run(TestNG.java:1037)
	at org.testng.remote.AbstractRemoteTestNG.run(AbstractRemoteTestNG.java:115)
	at org.testng.remote.RemoteTestNG.initAndRun(RemoteTestNG.java:251)
	at org.testng.remote.RemoteTestNG.main(RemoteTestNG.java:77)
</pre></div></td>
<td>0</td>
<td>com.crm.qa.testcases.DealsTestCase@7692d9cc</td></tr>
</table><p>
<table width='100%' border='1' class='invocation-skipped'>
<tr><td colspan='4' align='center'><b>SKIPPED CONFIGURATIONS</b></td></tr>
<tr><td><b>Test method</b></td>
<td width="30%"><b>Exception</b></td>
<td width="10%"><b>Time (seconds)</b></td>
<td><b>Instance</b></td>
</tr>
<tr>
<td title='com.crm.qa.testcases.DealsTestCase.afterMethod()'><b>afterMethod</b><br>Test class: com.crm.qa.testcases.DealsTestCase</td>
<td></td>
<td>-1604226280</td>
<td>com.crm.qa.testcases.DealsTestCase@7692d9cc</td></tr>
<tr>
<td title='com.crm.qa.testcases.DealsTestCase.afterMethod()'><b>afterMethod</b><br>Test class: com.crm.qa.testcases.DealsTestCase</td>
<td></td>
<td>-1604226301</td>
<td>com.crm.qa.testcases.DealsTestCase@7692d9cc</td></tr>
<tr>
<td title='com.crm.qa.testcases.DealsTestCase.afterMethod()'><b>afterMethod</b><br>Test class: com.crm.qa.testcases.DealsTestCase</td>
<td></td>
<td>-1604226322</td>
<td>com.crm.qa.testcases.DealsTestCase@7692d9cc</td></tr>
<tr>
<td title='com.crm.qa.testcases.DealsTestCase.tearDown()'><b>tearDown</b><br>Test class: com.crm.qa.testcases.DealsTestCase</td>
<td></td>
<td>-1604226322</td>
<td>com.crm.qa.testcases.DealsTestCase@7692d9cc</td></tr>
</table><p>
<table width='100%' border='1' class='invocation-failed'>
<tr><td colspan='4' align='center'><b>FAILED TESTS</b></td></tr>
<tr><td><b>Test method</b></td>
<td width="30%"><b>Exception</b></td>
<td width="10%"><b>Time (seconds)</b></td>
<td><b>Instance</b></td>
</tr>
<tr>
<td title='com.crm.qa.testcases.DealsTestCase.addDeals()'><b>addDeals</b><br>Test class: com.crm.qa.testcases.DealsTestCase<br>Parameters: {ActualDate=31-Oct-2020, Company=Infosys, amount=300000, probability=20, contact=Payal Shukla, predictedDate=31-Oct-2020, title=Deals for Laptop, product=Laptop, Desc=Deals for Latop, nextstep=Deal for Payal, =}<br/>
<a href="#Output-1074630954" onClick='toggleBox("Output-1074630954", this, "Show output", "Hide output");'>Show output</a>

<a href="#Output-1074630954" onClick="toggleAllBoxes();">Show all outputs</a>
<div class='log' id="Output-1074630954">
Test Case addDeals started<br/>
<br><br/>
Test Case addDeals is Failed<br/>
<br><br/>
Screeshot Link<br/>
<br><br/>
<a href=D:\Selenium WorkSpace\Mavenartifact\Screenshot\addDeals01-11-2020 15-11.png target='_blank'>Screenshot</a><br/>
</div>
</td>
<td><div><pre>java.lang.NullPointerException
	at com.crm.qa.base.BaseClass.Lookupwindow(BaseClass.java:169)
	at com.crm.qa.pages.DealsPage.searchbyLookup(DealsPage.java:49)
	at com.crm.qa.pages.DealsPage.NewDeals(DealsPage.java:23)
	at com.crm.qa.testcases.DealsTestCase.addDeals(DealsTestCase.java:40)
	at java.util.ArrayList.forEach(ArrayList.java:1249)
... Removed 27 stack frames</pre></div><a href='#' onClick='toggleBox("stack-trace1074630954", this, "Click to show all stack frames", "Click to hide stack frames")'>Click to show all stack frames</a>
<div class='stack-trace' id='stack-trace1074630954'><pre>java.lang.NullPointerException
	at com.crm.qa.base.BaseClass.Lookupwindow(BaseClass.java:169)
	at com.crm.qa.pages.DealsPage.searchbyLookup(DealsPage.java:49)
	at com.crm.qa.pages.DealsPage.NewDeals(DealsPage.java:23)
	at com.crm.qa.testcases.DealsTestCase.addDeals(DealsTestCase.java:40)
	at sun.reflect.NativeMethodAccessorImpl.invoke0(Native Method)
	at sun.reflect.NativeMethodAccessorImpl.invoke(NativeMethodAccessorImpl.java:62)
	at sun.reflect.DelegatingMethodAccessorImpl.invoke(DelegatingMethodAccessorImpl.java:43)
	at java.lang.reflect.Method.invoke(Method.java:498)
	at org.testng.internal.MethodInvocationHelper.invokeMethod(MethodInvocationHelper.java:132)
	at org.testng.internal.TestInvoker.invokeMethod(TestInvoker.java:599)
	at org.testng.internal.TestInvoker.retryFailed(TestInvoker.java:214)
	at org.testng.internal.MethodRunner.runInSequence(MethodRunner.java:58)
	at org.testng.internal.TestInvoker$MethodInvocationAgent.invoke(TestInvoker.java:822)
	at org.testng.internal.TestInvoker.invokeTestMethods(TestInvoker.java:147)
	at org.testng.internal.TestMethodWorker.invokeTestMethods(TestMethodWorker.java:146)
	at org.testng.internal.TestMethodWorker.run(TestMethodWorker.java:128)
	at java.util.ArrayList.forEach(ArrayList.java:1249)
	at org.testng.TestRunner.privateRun(TestRunner.java:764)
	at org.testng.TestRunner.run(TestRunner.java:585)
	at org.testng.SuiteRunner.runTest(SuiteRunner.java:384)
	at org.testng.SuiteRunner.runSequentially(SuiteRunner.java:378)
	at org.testng.SuiteRunner.privateRun(SuiteRunner.java:337)
	at org.testng.SuiteRunner.run(SuiteRunner.java:286)
	at org.testng.SuiteRunnerWorker.runSuite(SuiteRunnerWorker.java:53)
	at org.testng.SuiteRunnerWorker.run(SuiteRunnerWorker.java:96)
	at org.testng.TestNG.runSuitesSequentially(TestNG.java:1218)
	at org.testng.TestNG.runSuitesLocally(TestNG.java:1140)
	at org.testng.TestNG.runSuites(TestNG.java:1069)
	at org.testng.TestNG.run(TestNG.java:1037)
	at org.testng.remote.AbstractRemoteTestNG.run(AbstractRemoteTestNG.java:115)
	at org.testng.remote.RemoteTestNG.initAndRun(RemoteTestNG.java:251)
	at org.testng.remote.RemoteTestNG.main(RemoteTestNG.java:77)
</pre></div></td>
<td>20</td>
<td>com.crm.qa.testcases.DealsTestCase@7692d9cc</td></tr>
</table><p>
<table width='100%' border='1' class='invocation-skipped'>
<tr><td colspan='4' align='center'><b>SKIPPED TESTS</b></td></tr>
<tr><td><b>Test method</b></td>
<td width="30%"><b>Exception</b></td>
<td width="10%"><b>Time (seconds)</b></td>
<td><b>Instance</b></td>
</tr>
<tr>
<td title='com.crm.qa.testcases.DealsTestCase.addDeals()'><b>addDeals</b><br>Test class: com.crm.qa.testcases.DealsTestCase<br>Parameters: {ActualDate=31-Oct-2020, Company=Infosys, amount=300000, probability=20, contact=Payal Shukla, predictedDate=31-Oct-2020, title=Deals for Laptop, product=Laptop, Desc=Deals for Latop, nextstep=Deal for Payal, =}<br/>
<a href="#Output-10915321" onClick='toggleBox("Output-10915321", this, "Show output", "Hide output");'>Show output</a>

<a href="#Output-10915321" onClick="toggleAllBoxes();">Show all outputs</a>
<div class='log' id="Output-10915321">
Test Case addDeals started<br/>
<br><br/>
Test Case addDeals is skipped<br/>
<br><br/>
</div>
</td>
<td><div><pre>java.lang.NullPointerException
	at com.crm.qa.base.BaseClass.Lookupwindow(BaseClass.java:169)
	at com.crm.qa.pages.DealsPage.searchbyLookup(DealsPage.java:49)
	at com.crm.qa.pages.DealsPage.NewDeals(DealsPage.java:25)
	at com.crm.qa.testcases.DealsTestCase.addDeals(DealsTestCase.java:40)
	at java.util.ArrayList.forEach(ArrayList.java:1249)
... Removed 27 stack frames</pre></div><a href='#' onClick='toggleBox("stack-trace10915321", this, "Click to show all stack frames", "Click to hide stack frames")'>Click to show all stack frames</a>
<div class='stack-trace' id='stack-trace10915321'><pre>java.lang.NullPointerException
	at com.crm.qa.base.BaseClass.Lookupwindow(BaseClass.java:169)
	at com.crm.qa.pages.DealsPage.searchbyLookup(DealsPage.java:49)
	at com.crm.qa.pages.DealsPage.NewDeals(DealsPage.java:25)
	at com.crm.qa.testcases.DealsTestCase.addDeals(DealsTestCase.java:40)
	at sun.reflect.NativeMethodAccessorImpl.invoke0(Native Method)
	at sun.reflect.NativeMethodAccessorImpl.invoke(NativeMethodAccessorImpl.java:62)
	at sun.reflect.DelegatingMethodAccessorImpl.invoke(DelegatingMethodAccessorImpl.java:43)
	at java.lang.reflect.Method.invoke(Method.java:498)
	at org.testng.internal.MethodInvocationHelper.invokeMethod(MethodInvocationHelper.java:132)
	at org.testng.internal.TestInvoker.invokeMethod(TestInvoker.java:599)
	at org.testng.internal.TestInvoker.invokeTestMethod(TestInvoker.java:174)
	at org.testng.internal.MethodRunner.runInSequence(MethodRunner.java:46)
	at org.testng.internal.TestInvoker$MethodInvocationAgent.invoke(TestInvoker.java:822)
	at org.testng.internal.TestInvoker.invokeTestMethods(TestInvoker.java:147)
	at org.testng.internal.TestMethodWorker.invokeTestMethods(TestMethodWorker.java:146)
	at org.testng.internal.TestMethodWorker.run(TestMethodWorker.java:128)
	at java.util.ArrayList.forEach(ArrayList.java:1249)
	at org.testng.TestRunner.privateRun(TestRunner.java:764)
	at org.testng.TestRunner.run(TestRunner.java:585)
	at org.testng.SuiteRunner.runTest(SuiteRunner.java:384)
	at org.testng.SuiteRunner.runSequentially(SuiteRunner.java:378)
	at org.testng.SuiteRunner.privateRun(SuiteRunner.java:337)
	at org.testng.SuiteRunner.run(SuiteRunner.java:286)
	at org.testng.SuiteRunnerWorker.runSuite(SuiteRunnerWorker.java:53)
	at org.testng.SuiteRunnerWorker.run(SuiteRunnerWorker.java:96)
	at org.testng.TestNG.runSuitesSequentially(TestNG.java:1218)
	at org.testng.TestNG.runSuitesLocally(TestNG.java:1140)
	at org.testng.TestNG.runSuites(TestNG.java:1069)
	at org.testng.TestNG.run(TestNG.java:1037)
	at org.testng.remote.AbstractRemoteTestNG.run(AbstractRemoteTestNG.java:115)
	at org.testng.remote.RemoteTestNG.initAndRun(RemoteTestNG.java:251)
	at org.testng.remote.RemoteTestNG.main(RemoteTestNG.java:77)
</pre></div></td>
<td>33</td>
<td>com.crm.qa.testcases.DealsTestCase@7692d9cc</td></tr>
<tr>
<td title='com.crm.qa.testcases.DealsTestCase.addDeals()'><b>addDeals</b><br>Test class: com.crm.qa.testcases.DealsTestCase<br>Parameters: {ActualDate=31-Oct-2020, Company=Infosys, amount=300000, probability=20, contact=Payal Shukla, predictedDate=31-Oct-2020, title=Deals for Laptop, product=Laptop, Desc=Deals for Latop, nextstep=Deal for Payal, =}<br/>
<a href="#Output-1164241227" onClick='toggleBox("Output-1164241227", this, "Show output", "Hide output");'>Show output</a>

<a href="#Output-1164241227" onClick="toggleAllBoxes();">Show all outputs</a>
<div class='log' id="Output-1164241227">
Test Case addDeals started<br/>
<br><br/>
Test Case addDeals is skipped<br/>
<br><br/>
</div>
</td>
<td><div><pre>java.lang.NullPointerException
	at com.crm.qa.base.BaseClass.Lookupwindow(BaseClass.java:169)
	at com.crm.qa.pages.DealsPage.searchbyLookup(DealsPage.java:49)
	at com.crm.qa.pages.DealsPage.NewDeals(DealsPage.java:23)
	at com.crm.qa.testcases.DealsTestCase.addDeals(DealsTestCase.java:40)
	at java.util.ArrayList.forEach(ArrayList.java:1249)
... Removed 27 stack frames</pre></div><a href='#' onClick='toggleBox("stack-trace1164241227", this, "Click to show all stack frames", "Click to hide stack frames")'>Click to show all stack frames</a>
<div class='stack-trace' id='stack-trace1164241227'><pre>java.lang.NullPointerException
	at com.crm.qa.base.BaseClass.Lookupwindow(BaseClass.java:169)
	at com.crm.qa.pages.DealsPage.searchbyLookup(DealsPage.java:49)
	at com.crm.qa.pages.DealsPage.NewDeals(DealsPage.java:23)
	at com.crm.qa.testcases.DealsTestCase.addDeals(DealsTestCase.java:40)
	at sun.reflect.NativeMethodAccessorImpl.invoke0(Native Method)
	at sun.reflect.NativeMethodAccessorImpl.invoke(NativeMethodAccessorImpl.java:62)
	at sun.reflect.DelegatingMethodAccessorImpl.invoke(DelegatingMethodAccessorImpl.java:43)
	at java.lang.reflect.Method.invoke(Method.java:498)
	at org.testng.internal.MethodInvocationHelper.invokeMethod(MethodInvocationHelper.java:132)
	at org.testng.internal.TestInvoker.invokeMethod(TestInvoker.java:599)
	at org.testng.internal.TestInvoker.retryFailed(TestInvoker.java:214)
	at org.testng.internal.MethodRunner.runInSequence(MethodRunner.java:58)
	at org.testng.internal.TestInvoker$MethodInvocationAgent.invoke(TestInvoker.java:822)
	at org.testng.internal.TestInvoker.invokeTestMethods(TestInvoker.java:147)
	at org.testng.internal.TestMethodWorker.invokeTestMethods(TestMethodWorker.java:146)
	at org.testng.internal.TestMethodWorker.run(TestMethodWorker.java:128)
	at java.util.ArrayList.forEach(ArrayList.java:1249)
	at org.testng.TestRunner.privateRun(TestRunner.java:764)
	at org.testng.TestRunner.run(TestRunner.java:585)
	at org.testng.SuiteRunner.runTest(SuiteRunner.java:384)
	at org.testng.SuiteRunner.runSequentially(SuiteRunner.java:378)
	at org.testng.SuiteRunner.privateRun(SuiteRunner.java:337)
	at org.testng.SuiteRunner.run(SuiteRunner.java:286)
	at org.testng.SuiteRunnerWorker.runSuite(SuiteRunnerWorker.java:53)
	at org.testng.SuiteRunnerWorker.run(SuiteRunnerWorker.java:96)
	at org.testng.TestNG.runSuitesSequentially(TestNG.java:1218)
	at org.testng.TestNG.runSuitesLocally(TestNG.java:1140)
	at org.testng.TestNG.runSuites(TestNG.java:1069)
	at org.testng.TestNG.run(TestNG.java:1037)
	at org.testng.remote.AbstractRemoteTestNG.run(AbstractRemoteTestNG.java:115)
	at org.testng.remote.RemoteTestNG.initAndRun(RemoteTestNG.java:251)
	at org.testng.remote.RemoteTestNG.main(RemoteTestNG.java:77)
</pre></div></td>
<td>20</td>
<td>com.crm.qa.testcases.DealsTestCase@7692d9cc</td></tr>
<tr>
<td title='com.crm.qa.testcases.DealsTestCase.addDeals()'><b>addDeals</b><br>Test class: com.crm.qa.testcases.DealsTestCase<br>Parameters: {ActualDate=31-Oct-2020, Company=Infosys, amount=300000, probability=20, contact=Payal Shukla, predictedDate=31-Oct-2020, title=Deals for Laptop, product=Laptop, Desc=Deals for Latop, nextstep=Deal for Payal, =}<br/>
<a href="#Output-1497558532" onClick='toggleBox("Output-1497558532", this, "Show output", "Hide output");'>Show output</a>

<a href="#Output-1497558532" onClick="toggleAllBoxes();">Show all outputs</a>
<div class='log' id="Output-1497558532">
Test Case addDeals started<br/>
<br><br/>
Test Case addDeals is skipped<br/>
<br><br/>
</div>
</td>
<td><div><pre>java.lang.NullPointerException
	at com.crm.qa.base.BaseClass.Lookupwindow(BaseClass.java:169)
	at com.crm.qa.pages.DealsPage.searchbyLookup(DealsPage.java:49)
	at com.crm.qa.pages.DealsPage.NewDeals(DealsPage.java:23)
	at com.crm.qa.testcases.DealsTestCase.addDeals(DealsTestCase.java:40)
	at java.util.ArrayList.forEach(ArrayList.java:1249)
... Removed 27 stack frames</pre></div><a href='#' onClick='toggleBox("stack-trace1497558532", this, "Click to show all stack frames", "Click to hide stack frames")'>Click to show all stack frames</a>
<div class='stack-trace' id='stack-trace1497558532'><pre>java.lang.NullPointerException
	at com.crm.qa.base.BaseClass.Lookupwindow(BaseClass.java:169)
	at com.crm.qa.pages.DealsPage.searchbyLookup(DealsPage.java:49)
	at com.crm.qa.pages.DealsPage.NewDeals(DealsPage.java:23)
	at com.crm.qa.testcases.DealsTestCase.addDeals(DealsTestCase.java:40)
	at sun.reflect.NativeMethodAccessorImpl.invoke0(Native Method)
	at sun.reflect.NativeMethodAccessorImpl.invoke(NativeMethodAccessorImpl.java:62)
	at sun.reflect.DelegatingMethodAccessorImpl.invoke(DelegatingMethodAccessorImpl.java:43)
	at java.lang.reflect.Method.invoke(Method.java:498)
	at org.testng.internal.MethodInvocationHelper.invokeMethod(MethodInvocationHelper.java:132)
	at org.testng.internal.TestInvoker.invokeMethod(TestInvoker.java:599)
	at org.testng.internal.TestInvoker.retryFailed(TestInvoker.java:214)
	at org.testng.internal.MethodRunner.runInSequence(MethodRunner.java:58)
	at org.testng.internal.TestInvoker$MethodInvocationAgent.invoke(TestInvoker.java:822)
	at org.testng.internal.TestInvoker.invokeTestMethods(TestInvoker.java:147)
	at org.testng.internal.TestMethodWorker.invokeTestMethods(TestMethodWorker.java:146)
	at org.testng.internal.TestMethodWorker.run(TestMethodWorker.java:128)
	at java.util.ArrayList.forEach(ArrayList.java:1249)
	at org.testng.TestRunner.privateRun(TestRunner.java:764)
	at org.testng.TestRunner.run(TestRunner.java:585)
	at org.testng.SuiteRunner.runTest(SuiteRunner.java:384)
	at org.testng.SuiteRunner.runSequentially(SuiteRunner.java:378)
	at org.testng.SuiteRunner.privateRun(SuiteRunner.java:337)
	at org.testng.SuiteRunner.run(SuiteRunner.java:286)
	at org.testng.SuiteRunnerWorker.runSuite(SuiteRunnerWorker.java:53)
	at org.testng.SuiteRunnerWorker.run(SuiteRunnerWorker.java:96)
	at org.testng.TestNG.runSuitesSequentially(TestNG.java:1218)
	at org.testng.TestNG.runSuitesLocally(TestNG.java:1140)
	at org.testng.TestNG.runSuites(TestNG.java:1069)
	at org.testng.TestNG.run(TestNG.java:1037)
	at org.testng.remote.AbstractRemoteTestNG.run(AbstractRemoteTestNG.java:115)
	at org.testng.remote.RemoteTestNG.initAndRun(RemoteTestNG.java:251)
	at org.testng.remote.RemoteTestNG.main(RemoteTestNG.java:77)
</pre></div></td>
<td>20</td>
<td>com.crm.qa.testcases.DealsTestCase@7692d9cc</td></tr>
</table><p>
</body>
</html>